Arguments: 
  /Users/kevin_kawai/.nvm/versions/node/v8.14.0/bin/node /usr/local/Cellar/yarn/1.17.3/libexec/bin/yarn.js add react read-dom

PATH: 
  /usr/local/var/pyenv/shims:/usr/local/opt/openssl/bin:/Users/kevin_kawai/Documents/jetbrains:/Users/kevin_kawai/bin:/Users/kevin_kawai/.rbenv/shims:/Users/kevin_kawai/.rbenv/bin:/Users/kevin_kawai/.nvm/versions/node/v8.14.0/bin:/usr/local/bin:/usr/bin:/bin:/usr/sbin:/sbin:/usr/local/share/dotnet:~/.dotnet/tools:/Library/Frameworks/Mono.framework/Versions/Current/Commands

Yarn version: 
  1.17.3

Node version: 
  8.14.0

Platform: 
  darwin x64

Trace: 
  Error: https://registry.yarnpkg.com/read-dom: Not found
      at Request.params.callback [as _callback] (/usr/local/Cellar/yarn/1.17.3/libexec/lib/cli.js:66830:18)
      at Request.self.callback (/usr/local/Cellar/yarn/1.17.3/libexec/lib/cli.js:140464:22)
      at emitTwo (events.js:126:13)
      at Request.emit (events.js:214:7)
      at Request.<anonymous> (/usr/local/Cellar/yarn/1.17.3/libexec/lib/cli.js:141436:10)
      at emitOne (events.js:116:13)
      at Request.emit (events.js:211:7)
      at IncomingMessage.<anonymous> (/usr/local/Cellar/yarn/1.17.3/libexec/lib/cli.js:141358:12)
      at Object.onceWrapper (events.js:313:30)
      at emitNone (events.js:111:20)

npm manifest: 
  {
    "name": "react_starter",
    "version": "1.0.0",
    "main": "index.js",
    "license": "MIT",
    "devDependencies": {
      "webpack": "^4.37.0",
      "webpack-cli": "^3.3.6"
    },
    "dependencies": {
      "express": "^4.17.1"
    }
  }

yarn manifest: 
  No manifest

Lockfile: 
  No lockfile
